
> trinetra-frontend@1.0.0 dev
> vite


  VITE v4.5.14  ready in 491 ms

  ➜  Local:   http://localhost:5173/
  ➜  Network: http://192.168.0.172:5173/
  ➜  Network: http://10.8.0.18:5173/
2:00:41 pm [vite] page reload js/chronos.js
2:00:56 pm [vite] page reload js/chronos.js
2:01:15 pm [vite] page reload js/chronos.js
2:01:56 pm [vite] hmr update /css/chronos.css
2:02:19 pm [vite] page reload js/chronos.js
2:10:28 pm [vite] page reload js/chronos.js
2:10:40 pm [vite] page reload js/chronos.js
2:10:52 pm [vite] page reload index.html
2:11:09 pm [vite] page reload js/chronos.js
2:12:04 pm [vite] page reload js/chronos.js
2:12:17 pm [vite] hmr update /css/chronos.css
2:12:40 pm [vite] hmr update /css/chronos.css
2:12:53 pm [vite] page reload js/chronos.js
2:16:12 pm [vite] page reload js/chronos.js
2:16:20 pm [vite] page reload js/chronos.js
2:16:32 pm [vite] page reload js/chronos.js
2:16:48 pm [vite] page reload js/chronos.js
2:17:03 pm [vite] page reload js/chronos.js
2:17:22 pm [vite] hmr update /css/chronos.css
2:17:46 pm [vite] page reload js/chronos.js
2:17:58 pm [vite] hmr update /css/chronos.css
2:22:35 pm [vite] page reload js/chronos.js
2:32:12 pm [vite] vite.config.js changed, restarting server...
2:32:12 pm [vite] server restarted.
